2022-06-18 17:35:29.146  INFO 29076 --- [restartedMain] com.ogp.icms.IcmsApplication             : Starting IcmsApplication using Java 11.0.15 on DESKTOP-3JME0PB with PID 29076 (D:\work\workspace_2022\icms\out\production\classes started by stell in D:\work\workspace_2022\icms)
2022-06-18 17:35:29.146  INFO 29076 --- [restartedMain] com.ogp.icms.IcmsApplication             : The following 1 profile is active: "dev"
2022-06-18 17:35:29.266  INFO 29076 --- [restartedMain] .s.d.r.c.RepositoryConfigurationDelegate : Bootstrapping Spring Data JPA repositories in DEFAULT mode.
2022-06-18 17:35:29.268  INFO 29076 --- [restartedMain] .s.d.r.c.RepositoryConfigurationDelegate : Finished Spring Data repository scanning in 1 ms. Found 0 JPA repository interfaces.
2022-06-18 17:35:29.309  INFO 29076 --- [restartedMain] o.s.b.w.embedded.tomcat.TomcatWebServer  : Tomcat initialized with port(s): 8080 (http)
2022-06-18 17:35:29.310  INFO 29076 --- [restartedMain] o.apache.catalina.core.StandardService   : Starting service [Tomcat]
2022-06-18 17:35:29.310  INFO 29076 --- [restartedMain] org.apache.catalina.core.StandardEngine  : Starting Servlet engine: [Apache Tomcat/9.0.62]
2022-06-18 17:35:29.363  INFO 29076 --- [restartedMain] org.apache.jasper.servlet.TldScanner     : At least one JAR was scanned for TLDs yet contained no TLDs. Enable debug logging for this logger for a complete list of JARs that were scanned but no TLDs were found in them. Skipping unneeded JARs during scanning can improve startup time and JSP compilation time.
2022-06-18 17:35:29.367  INFO 29076 --- [restartedMain] o.a.c.c.C.[Tomcat].[localhost].[/]       : Initializing Spring embedded WebApplicationContext
2022-06-18 17:35:29.367  INFO 29076 --- [restartedMain] w.s.c.ServletWebServerApplicationContext : Root WebApplicationContext: initialization completed in 219 ms
2022-06-18 17:35:29.378  INFO 29076 --- [restartedMain] com.zaxxer.hikari.HikariDataSource       : TestHikariPool - Starting...
2022-06-18 17:35:29.379  INFO 29076 --- [restartedMain] com.zaxxer.hikari.HikariDataSource       : TestHikariPool - Start completed.
2022-06-18 17:35:29.387  INFO 29076 --- [restartedMain] o.hibernate.jpa.internal.util.LogHelper  : HHH000204: Processing PersistenceUnitInfo [name: default]
2022-06-18 17:35:29.391  INFO 29076 --- [restartedMain] org.hibernate.dialect.Dialect            : HHH000400: Using dialect: org.hibernate.dialect.MariaDB106Dialect
2022-06-18 17:35:29.401  INFO 29076 --- [restartedMain] o.h.e.t.j.p.i.JtaPlatformInitiator       : HHH000490: Using JtaPlatform implementation: [org.hibernate.engine.transaction.jta.platform.internal.NoJtaPlatform]
2022-06-18 17:35:29.401  INFO 29076 --- [restartedMain] j.LocalContainerEntityManagerFactoryBean : Initialized JPA EntityManagerFactory for persistence unit 'default'
2022-06-18 17:35:29.427  WARN 29076 --- [restartedMain] JpaBaseConfiguration$JpaWebConfiguration : spring.jpa.open-in-view is enabled by default. Therefore, database queries may be performed during view rendering. Explicitly configure spring.jpa.open-in-view to disable this warning
2022-06-18 17:35:29.449  INFO 29076 --- [restartedMain] o.s.b.a.w.s.WelcomePageHandlerMapping    : Adding welcome page: ServletContext resource [/index.html]
2022-06-18 17:35:29.473  INFO 29076 --- [restartedMain] o.s.b.d.a.OptionalLiveReloadServer       : LiveReload server is running on port 35729
2022-06-18 17:35:29.481  INFO 29076 --- [restartedMain] o.s.b.w.embedded.tomcat.TomcatWebServer  : Tomcat started on port(s): 8080 (http) with context path ''
2022-06-18 17:35:29.483  INFO 29076 --- [restartedMain] com.ogp.icms.IcmsApplication             : Started IcmsApplication in 0.355 seconds (JVM running for 8771.705)
2022-06-18 17:35:29.484  INFO 29076 --- [restartedMain] .ConditionEvaluationDeltaLoggingListener : Condition evaluation unchanged
2022-06-18 18:08:20.407  INFO 29076 --- [http-nio-8080-exec-1] o.a.c.c.C.[Tomcat].[localhost].[/]       : Initializing Spring DispatcherServlet 'dispatcherServlet'
2022-06-18 18:08:20.407  INFO 29076 --- [http-nio-8080-exec-1] o.s.web.servlet.DispatcherServlet        : Initializing Servlet 'dispatcherServlet'
2022-06-18 18:08:20.408  INFO 29076 --- [http-nio-8080-exec-1] o.s.web.servlet.DispatcherServlet        : Completed initialization in 0 ms
2022-06-18 18:08:20.587  INFO 29076 --- [http-nio-8080-exec-1] com.ogp.icms.util.SqlUtil                : get connection=HikariProxyConnection@1650629206 wrapping org.mariadb.jdbc.MariaDbConnection@436dbc04, class=class com.zaxxer.hikari.pool.HikariProxyConnection
2022-06-18 18:08:21.751  INFO 29076 --- [http-nio-8080-exec-3] com.ogp.icms.util.SqlUtil                : get connection=HikariProxyConnection@421117320 wrapping org.mariadb.jdbc.MariaDbConnection@436dbc04, class=class com.zaxxer.hikari.pool.HikariProxyConnection
2022-06-18 18:08:21.751  INFO 29076 --- [http-nio-8080-exec-3] c.o.i.api.controller.MemberController    : logged in user=admin
2022-06-18 18:08:21.909  INFO 29076 --- [http-nio-8080-exec-4] com.ogp.icms.util.SqlUtil                : get connection=HikariProxyConnection@820157328 wrapping org.mariadb.jdbc.MariaDbConnection@436dbc04, class=class com.zaxxer.hikari.pool.HikariProxyConnection
2022-06-18 18:08:21.923  INFO 29076 --- [http-nio-8080-exec-5] com.ogp.icms.util.SqlUtil                : get connection=HikariProxyConnection@148953515 wrapping org.mariadb.jdbc.MariaDbConnection@436dbc04, class=class com.zaxxer.hikari.pool.HikariProxyConnection
2022-06-18 18:10:43.464  INFO 29076 --- [Thread-103] j.LocalContainerEntityManagerFactoryBean : Closing JPA EntityManagerFactory for persistence unit 'default'
2022-06-18 18:10:43.465  INFO 29076 --- [Thread-103] com.zaxxer.hikari.HikariDataSource       : TestHikariPool - Shutdown initiated...
2022-06-18 18:10:43.467  INFO 29076 --- [Thread-103] com.zaxxer.hikari.HikariDataSource       : TestHikariPool - Shutdown completed.
2022-06-18 18:10:43.547  INFO 29076 --- [restartedMain] com.ogp.icms.IcmsApplication             : Starting IcmsApplication using Java 11.0.15 on DESKTOP-3JME0PB with PID 29076 (D:\work\workspace_2022\icms\out\production\classes started by stell in D:\work\workspace_2022\icms)
2022-06-18 18:10:43.547  INFO 29076 --- [restartedMain] com.ogp.icms.IcmsApplication             : The following 1 profile is active: "dev"
2022-06-18 18:10:43.663  INFO 29076 --- [restartedMain] .s.d.r.c.RepositoryConfigurationDelegate : Bootstrapping Spring Data JPA repositories in DEFAULT mode.
2022-06-18 18:10:43.665  INFO 29076 --- [restartedMain] .s.d.r.c.RepositoryConfigurationDelegate : Finished Spring Data repository scanning in 1 ms. Found 0 JPA repository interfaces.
2022-06-18 18:10:43.716  INFO 29076 --- [restartedMain] o.s.b.w.embedded.tomcat.TomcatWebServer  : Tomcat initialized with port(s): 8080 (http)
2022-06-18 18:10:43.717  INFO 29076 --- [restartedMain] o.apache.catalina.core.StandardService   : Starting service [Tomcat]
2022-06-18 18:10:43.717  INFO 29076 --- [restartedMain] org.apache.catalina.core.StandardEngine  : Starting Servlet engine: [Apache Tomcat/9.0.62]
2022-06-18 18:10:43.768  INFO 29076 --- [restartedMain] org.apache.jasper.servlet.TldScanner     : At least one JAR was scanned for TLDs yet contained no TLDs. Enable debug logging for this logger for a complete list of JARs that were scanned but no TLDs were found in them. Skipping unneeded JARs during scanning can improve startup time and JSP compilation time.
2022-06-18 18:10:43.769  INFO 29076 --- [restartedMain] o.a.c.c.C.[Tomcat].[localhost].[/]       : Initializing Spring embedded WebApplicationContext
2022-06-18 18:10:43.770  INFO 29076 --- [restartedMain] w.s.c.ServletWebServerApplicationContext : Root WebApplicationContext: initialization completed in 221 ms
2022-06-18 18:10:43.784  INFO 29076 --- [restartedMain] com.zaxxer.hikari.HikariDataSource       : TestHikariPool - Starting...
2022-06-18 18:10:43.785  INFO 29076 --- [restartedMain] com.zaxxer.hikari.HikariDataSource       : TestHikariPool - Start completed.
2022-06-18 18:10:43.793  INFO 29076 --- [restartedMain] o.hibernate.jpa.internal.util.LogHelper  : HHH000204: Processing PersistenceUnitInfo [name: default]
2022-06-18 18:10:43.798  INFO 29076 --- [restartedMain] org.hibernate.dialect.Dialect            : HHH000400: Using dialect: org.hibernate.dialect.MariaDB106Dialect
2022-06-18 18:10:43.809  INFO 29076 --- [restartedMain] o.h.e.t.j.p.i.JtaPlatformInitiator       : HHH000490: Using JtaPlatform implementation: [org.hibernate.engine.transaction.jta.platform.internal.NoJtaPlatform]
2022-06-18 18:10:43.810  INFO 29076 --- [restartedMain] j.LocalContainerEntityManagerFactoryBean : Initialized JPA EntityManagerFactory for persistence unit 'default'
2022-06-18 18:10:43.844  WARN 29076 --- [restartedMain] JpaBaseConfiguration$JpaWebConfiguration : spring.jpa.open-in-view is enabled by default. Therefore, database queries may be performed during view rendering. Explicitly configure spring.jpa.open-in-view to disable this warning
2022-06-18 18:10:43.868  INFO 29076 --- [restartedMain] o.s.b.a.w.s.WelcomePageHandlerMapping    : Adding welcome page: ServletContext resource [/index.html]
2022-06-18 18:10:43.891  INFO 29076 --- [restartedMain] o.s.b.d.a.OptionalLiveReloadServer       : LiveReload server is running on port 35729
2022-06-18 18:10:43.901  INFO 29076 --- [restartedMain] o.s.b.w.embedded.tomcat.TomcatWebServer  : Tomcat started on port(s): 8080 (http) with context path ''
2022-06-18 18:10:43.903  INFO 29076 --- [restartedMain] com.ogp.icms.IcmsApplication             : Started IcmsApplication in 0.373 seconds (JVM running for 10883.639)
2022-06-18 18:10:43.904  INFO 29076 --- [restartedMain] .ConditionEvaluationDeltaLoggingListener : Condition evaluation unchanged
2022-06-18 18:14:47.665  INFO 29076 --- [Thread-107] j.LocalContainerEntityManagerFactoryBean : Closing JPA EntityManagerFactory for persistence unit 'default'
2022-06-18 18:14:47.666  INFO 29076 --- [Thread-107] com.zaxxer.hikari.HikariDataSource       : TestHikariPool - Shutdown initiated...
2022-06-18 18:14:47.667  INFO 29076 --- [Thread-107] com.zaxxer.hikari.HikariDataSource       : TestHikariPool - Shutdown completed.
