2024-06-03 11:13:59.711  INFO 89855 --- [restartedMain] com.ogp.icms.IcmsApplication             : Starting IcmsApplication using Java 1.8.0_352 on choileui-MacBookPro.local with PID 89855 (/Users/choetaeyang/Documents/intelliJ/projects/icms/build/classes/java/main started by choetaeyang in /Users/choetaeyang/Documents/intelliJ/projects/icms)
2024-06-03 11:13:59.715  INFO 89855 --- [restartedMain] com.ogp.icms.IcmsApplication             : The following 1 profile is active: "dev"
2024-06-03 11:13:59.748  INFO 89855 --- [restartedMain] .e.DevToolsPropertyDefaultsPostProcessor : Devtools property defaults active! Set 'spring.devtools.add-properties' to 'false' to disable
2024-06-03 11:13:59.748  INFO 89855 --- [restartedMain] .e.DevToolsPropertyDefaultsPostProcessor : For additional web related logging consider setting the 'logging.level.web' property to 'DEBUG'
2024-06-03 11:14:00.214  INFO 89855 --- [restartedMain] .s.d.r.c.RepositoryConfigurationDelegate : Bootstrapping Spring Data JPA repositories in DEFAULT mode.
2024-06-03 11:14:00.296  INFO 89855 --- [restartedMain] .s.d.r.c.RepositoryConfigurationDelegate : Finished Spring Data repository scanning in 76 ms. Found 18 JPA repository interfaces.
2024-06-03 11:14:00.735  INFO 89855 --- [restartedMain] o.s.b.w.embedded.tomcat.TomcatWebServer  : Tomcat initialized with port(s): 80 (http)
2024-06-03 11:14:00.741  INFO 89855 --- [restartedMain] o.apache.catalina.core.StandardService   : Starting service [Tomcat]
2024-06-03 11:14:00.741  INFO 89855 --- [restartedMain] org.apache.catalina.core.StandardEngine  : Starting Servlet engine: [Apache Tomcat/9.0.62]
2024-06-03 11:14:00.896  INFO 89855 --- [restartedMain] org.apache.jasper.servlet.TldScanner     : At least one JAR was scanned for TLDs yet contained no TLDs. Enable debug logging for this logger for a complete list of JARs that were scanned but no TLDs were found in them. Skipping unneeded JARs during scanning can improve startup time and JSP compilation time.
2024-06-03 11:14:00.900  INFO 89855 --- [restartedMain] o.a.c.c.C.[Tomcat].[localhost].[/]       : Initializing Spring embedded WebApplicationContext
2024-06-03 11:14:00.900  INFO 89855 --- [restartedMain] w.s.c.ServletWebServerApplicationContext : Root WebApplicationContext: initialization completed in 1151 ms
2024-06-03 11:14:00.942  INFO 89855 --- [restartedMain] com.zaxxer.hikari.HikariDataSource       : HikariPool - Starting...
2024-06-03 11:14:01.022  INFO 89855 --- [restartedMain] com.zaxxer.hikari.HikariDataSource       : HikariPool - Start completed.
2024-06-03 11:14:01.131  INFO 89855 --- [restartedMain] o.hibernate.jpa.internal.util.LogHelper  : HHH000204: Processing PersistenceUnitInfo [name: default]
2024-06-03 11:14:01.161  INFO 89855 --- [restartedMain] org.hibernate.Version                    : HHH000412: Hibernate ORM core version 5.6.8.Final
2024-06-03 11:14:01.254  INFO 89855 --- [restartedMain] o.hibernate.annotations.common.Version   : HCANN000001: Hibernate Commons Annotations {5.1.2.Final}
2024-06-03 11:14:01.320  INFO 89855 --- [restartedMain] org.hibernate.dialect.Dialect            : HHH000400: Using dialect: org.hibernate.dialect.MariaDB53Dialect
2024-06-03 11:14:01.837  INFO 89855 --- [restartedMain] o.h.e.t.j.p.i.JtaPlatformInitiator       : HHH000490: Using JtaPlatform implementation: [org.hibernate.engine.transaction.jta.platform.internal.NoJtaPlatform]
2024-06-03 11:14:01.842  INFO 89855 --- [restartedMain] j.LocalContainerEntityManagerFactoryBean : Initialized JPA EntityManagerFactory for persistence unit 'default'
2024-06-03 11:14:02.688  WARN 89855 --- [restartedMain] JpaBaseConfiguration$JpaWebConfiguration : spring.jpa.open-in-view is enabled by default. Therefore, database queries may be performed during view rendering. Explicitly configure spring.jpa.open-in-view to disable this warning
2024-06-03 11:14:02.798  INFO 89855 --- [restartedMain] o.s.b.a.w.s.WelcomePageHandlerMapping    : Adding welcome page template: index
2024-06-03 11:14:02.892  INFO 89855 --- [restartedMain] o.s.b.d.a.OptionalLiveReloadServer       : LiveReload server is running on port 35729
2024-06-03 11:14:02.930  INFO 89855 --- [restartedMain] o.s.b.w.embedded.tomcat.TomcatWebServer  : Tomcat started on port(s): 80 (http) with context path ''
2024-06-03 11:14:02.931  INFO 89855 --- [restartedMain] o.s.m.s.b.SimpleBrokerMessageHandler     : Starting...
2024-06-03 11:14:02.931  INFO 89855 --- [restartedMain] o.s.m.s.b.SimpleBrokerMessageHandler     : BrokerAvailabilityEvent[available=true, SimpleBrokerMessageHandler [org.springframework.messaging.simp.broker.DefaultSubscriptionRegistry@2c468804]]
2024-06-03 11:14:02.932  INFO 89855 --- [restartedMain] o.s.m.s.b.SimpleBrokerMessageHandler     : Started.
2024-06-03 11:14:02.938  INFO 89855 --- [restartedMain] com.ogp.icms.IcmsApplication             : Started IcmsApplication in 3.489 seconds (JVM running for 3.995)
2024-06-03 11:14:11.034  INFO 89855 --- [http-nio-80-exec-1] o.a.c.c.C.[Tomcat].[localhost].[/]       : Initializing Spring DispatcherServlet 'dispatcherServlet'
2024-06-03 11:14:11.035  INFO 89855 --- [http-nio-80-exec-1] o.s.web.servlet.DispatcherServlet        : Initializing Servlet 'dispatcherServlet'
2024-06-03 11:14:11.038  INFO 89855 --- [http-nio-80-exec-1] o.s.web.servlet.DispatcherServlet        : Completed initialization in 3 ms
2024-06-03 11:14:14.822  INFO 89855 --- [http-nio-80-exec-2] c.ogp.icms.member.api.MemberController   : logged in user=admin
2024-06-03 11:14:31.520  INFO 89855 --- [http-nio-80-exec-5] c.o.i.leave.container.LeaveController    : LeaveSearchCondition(searchStartDate=2024-06-01, searchEndDate=2024-06-30)
2024-06-03 11:14:36.521  INFO 89855 --- [http-nio-80-exec-3] c.o.i.leave.container.LeaveController    : LeaveSearchCondition(searchStartDate=2024-06-01, searchEndDate=2024-06-30)
2024-06-03 11:14:53.411  INFO 89855 --- [http-nio-80-exec-1] c.o.i.leave.container.LeaveController    : LeaveSearchCondition(searchStartDate=2024-06-01, searchEndDate=2024-06-30)
2024-06-03 11:14:54.345  INFO 89855 --- [http-nio-80-exec-6] c.o.i.leave.container.LeaveController    : LeaveSearchCondition(searchStartDate=2024-06-01, searchEndDate=2024-06-30)
2024-06-03 11:14:59.617  INFO 89855 --- [http-nio-80-exec-4] c.o.i.leave.container.LeaveController    : LeaveSearchCondition(searchStartDate=2024-06-01, searchEndDate=2024-06-30)
2024-06-03 11:14:59.652  INFO 89855 --- [http-nio-80-exec-1] c.o.i.leave.container.LeaveController    : LeaveSearchCondition(searchStartDate=2024-07-01, searchEndDate=2024-07-31)
2024-06-03 11:14:59.670  INFO 89855 --- [http-nio-80-exec-6] c.o.i.leave.container.LeaveController    : LeaveSearchCondition(searchStartDate=2024-08-01, searchEndDate=2024-08-31)
2024-06-03 11:15:02.596  INFO 89855 --- [MessageBroker-1] o.s.w.s.c.WebSocketMessageBrokerStats    : WebSocketSession[0 current WS(0)-HttpStream(0)-HttpPoll(0), 0 total, 0 closed abnormally (0 connect failure, 0 send limit, 0 transport error)], stompSubProtocol[processed CONNECT(0)-CONNECTED(0)-DISCONNECT(0)], stompBrokerRelay[null], inboundChannel[pool size = 0, active threads = 0, queued tasks = 0, completed tasks = 0], outboundChannel[pool size = 0, active threads = 0, queued tasks = 0, completed tasks = 0], sockJsScheduler[pool size = 1, active threads = 1, queued tasks = 0, completed tasks = 0]
2024-06-03 11:15:10.898  INFO 89855 --- [http-nio-80-exec-6] c.o.i.leave.container.LeaveController    : LeaveSearchCondition(searchStartDate=2024-06-01, searchEndDate=2024-06-30)
2024-06-03 11:15:19.080  INFO 89855 --- [http-nio-80-exec-7] c.o.i.leave.container.LeaveController    : LeaveSearchCondition(searchStartDate=2024-06-01, searchEndDate=2024-06-30)
2024-06-03 11:18:09.970  INFO 89855 --- [http-nio-80-exec-9] c.o.i.leave.container.LeaveController    : LeaveSearchCondition(searchStartDate=2024-06-01, searchEndDate=2024-06-30)
2024-06-03 11:21:39.206  INFO 89855 --- [http-nio-80-exec-7] c.o.i.leave.container.LeaveController    : LeaveSearchCondition(searchStartDate=2024-06-01, searchEndDate=2024-06-30)
2024-06-03 11:21:44.241  INFO 89855 --- [http-nio-80-exec-4] c.o.i.leave.container.LeaveController    : LeaveSearchCondition(searchStartDate=2024-06-01, searchEndDate=2024-06-30)
2024-06-03 11:22:00.920  INFO 89855 --- [http-nio-80-exec-9] c.o.i.leave.container.LeaveController    : LeaveSearchCondition(searchStartDate=2024-06-01, searchEndDate=2024-06-30)
2024-06-03 11:22:00.971  INFO 89855 --- [http-nio-80-exec-10] c.o.i.leave.container.LeaveController    : LeaveSearchCondition(searchStartDate=2024-07-01, searchEndDate=2024-07-31)
2024-06-03 11:22:00.994  INFO 89855 --- [http-nio-80-exec-1] c.o.i.leave.container.LeaveController    : LeaveSearchCondition(searchStartDate=2024-08-01, searchEndDate=2024-08-31)
2024-06-03 11:22:31.979  INFO 89855 --- [http-nio-80-exec-4] c.o.i.s.service.ScheduleServiceImpl      : day = 2024-01-01T00:00, team = A, shift = 비
2024-06-03 11:22:31.980  INFO 89855 --- [http-nio-80-exec-4] c.o.i.s.service.ScheduleServiceImpl      : day = 2024-02-20T00:00, team = A, shift = 조
2024-06-03 11:22:31.981  INFO 89855 --- [http-nio-80-exec-4] c.o.i.s.service.ScheduleServiceImpl      : day = 2024-04-10T00:00, team = A, shift = 주
2024-06-03 11:22:31.982  INFO 89855 --- [http-nio-80-exec-4] c.o.i.s.service.ScheduleServiceImpl      : day = 2024-05-30T00:00, team = A, shift = 야
2024-06-03 11:22:31.982  INFO 89855 --- [http-nio-80-exec-4] c.o.i.s.service.ScheduleServiceImpl      : day = 2024-07-19T00:00, team = A, shift = 비
2024-06-03 11:22:31.983  INFO 89855 --- [http-nio-80-exec-4] c.o.i.s.service.ScheduleServiceImpl      : day = 2024-09-07T00:00, team = A, shift = 조
2024-06-03 11:22:31.983  INFO 89855 --- [http-nio-80-exec-4] c.o.i.s.service.ScheduleServiceImpl      : day = 2024-10-27T00:00, team = A, shift = 주
2024-06-03 11:22:31.984  INFO 89855 --- [http-nio-80-exec-4] c.o.i.s.service.ScheduleServiceImpl      : day = 2024-12-16T00:00, team = A, shift = 야
2024-06-03 11:22:32.154  INFO 89855 --- [http-nio-80-exec-4] c.o.i.s.service.ScheduleServiceImpl      : day = 2024-01-01T00:00, team = B, shift = 조
2024-06-03 11:22:32.154  INFO 89855 --- [http-nio-80-exec-4] c.o.i.s.service.ScheduleServiceImpl      : day = 2024-02-20T00:00, team = B, shift = 주
2024-06-03 11:22:32.154  INFO 89855 --- [http-nio-80-exec-4] c.o.i.s.service.ScheduleServiceImpl      : day = 2024-04-10T00:00, team = B, shift = 야
2024-06-03 11:22:32.154  INFO 89855 --- [http-nio-80-exec-4] c.o.i.s.service.ScheduleServiceImpl      : day = 2024-05-30T00:00, team = B, shift = 비
2024-06-03 11:22:32.154  INFO 89855 --- [http-nio-80-exec-4] c.o.i.s.service.ScheduleServiceImpl      : day = 2024-07-19T00:00, team = B, shift = 조
2024-06-03 11:22:32.154  INFO 89855 --- [http-nio-80-exec-4] c.o.i.s.service.ScheduleServiceImpl      : day = 2024-09-07T00:00, team = B, shift = 주
2024-06-03 11:22:32.154  INFO 89855 --- [http-nio-80-exec-4] c.o.i.s.service.ScheduleServiceImpl      : day = 2024-10-27T00:00, team = B, shift = 야
2024-06-03 11:22:32.155  INFO 89855 --- [http-nio-80-exec-4] c.o.i.s.service.ScheduleServiceImpl      : day = 2024-12-16T00:00, team = B, shift = 비
2024-06-03 11:22:38.998  INFO 89855 --- [http-nio-80-exec-7] c.o.i.leave.container.LeaveController    : LeaveSearchCondition(searchStartDate=2024-06-01, searchEndDate=2024-06-30)
2024-06-03 11:22:49.279  INFO 89855 --- [http-nio-80-exec-2] c.o.i.leave.container.LeaveController    : LeaveSearchCondition(searchStartDate=2024-06-01, searchEndDate=2024-06-30)
