2022-06-18 17:34:35.611  INFO 29076 --- [restartedMain] com.ogp.icms.IcmsApplication             : Starting IcmsApplication using Java 11.0.15 on DESKTOP-3JME0PB with PID 29076 (D:\work\workspace_2022\icms\out\production\classes started by stell in D:\work\workspace_2022\icms)
2022-06-18 17:34:35.611  INFO 29076 --- [restartedMain] com.ogp.icms.IcmsApplication             : The following 1 profile is active: "dev"
2022-06-18 17:34:35.718  INFO 29076 --- [restartedMain] .s.d.r.c.RepositoryConfigurationDelegate : Bootstrapping Spring Data JPA repositories in DEFAULT mode.
2022-06-18 17:34:35.720  INFO 29076 --- [restartedMain] .s.d.r.c.RepositoryConfigurationDelegate : Finished Spring Data repository scanning in 1 ms. Found 0 JPA repository interfaces.
2022-06-18 17:34:35.760  INFO 29076 --- [restartedMain] o.s.b.w.embedded.tomcat.TomcatWebServer  : Tomcat initialized with port(s): 8080 (http)
2022-06-18 17:34:35.760  INFO 29076 --- [restartedMain] o.apache.catalina.core.StandardService   : Starting service [Tomcat]
2022-06-18 17:34:35.760  INFO 29076 --- [restartedMain] org.apache.catalina.core.StandardEngine  : Starting Servlet engine: [Apache Tomcat/9.0.62]
2022-06-18 17:34:35.809  INFO 29076 --- [restartedMain] org.apache.jasper.servlet.TldScanner     : At least one JAR was scanned for TLDs yet contained no TLDs. Enable debug logging for this logger for a complete list of JARs that were scanned but no TLDs were found in them. Skipping unneeded JARs during scanning can improve startup time and JSP compilation time.
2022-06-18 17:34:35.811  INFO 29076 --- [restartedMain] o.a.c.c.C.[Tomcat].[localhost].[/]       : Initializing Spring embedded WebApplicationContext
2022-06-18 17:34:35.811  INFO 29076 --- [restartedMain] w.s.c.ServletWebServerApplicationContext : Root WebApplicationContext: initialization completed in 199 ms
2022-06-18 17:34:35.821  INFO 29076 --- [restartedMain] com.zaxxer.hikari.HikariDataSource       : TestHikariPool - Starting...
2022-06-18 17:34:35.823  INFO 29076 --- [restartedMain] com.zaxxer.hikari.HikariDataSource       : TestHikariPool - Start completed.
2022-06-18 17:34:35.830  INFO 29076 --- [restartedMain] o.hibernate.jpa.internal.util.LogHelper  : HHH000204: Processing PersistenceUnitInfo [name: default]
2022-06-18 17:34:35.834  INFO 29076 --- [restartedMain] org.hibernate.dialect.Dialect            : HHH000400: Using dialect: org.hibernate.dialect.MariaDB106Dialect
2022-06-18 17:34:35.843  INFO 29076 --- [restartedMain] o.h.e.t.j.p.i.JtaPlatformInitiator       : HHH000490: Using JtaPlatform implementation: [org.hibernate.engine.transaction.jta.platform.internal.NoJtaPlatform]
2022-06-18 17:34:35.843  INFO 29076 --- [restartedMain] j.LocalContainerEntityManagerFactoryBean : Initialized JPA EntityManagerFactory for persistence unit 'default'
2022-06-18 17:34:35.867  WARN 29076 --- [restartedMain] JpaBaseConfiguration$JpaWebConfiguration : spring.jpa.open-in-view is enabled by default. Therefore, database queries may be performed during view rendering. Explicitly configure spring.jpa.open-in-view to disable this warning
2022-06-18 17:34:35.888  INFO 29076 --- [restartedMain] o.s.b.a.w.s.WelcomePageHandlerMapping    : Adding welcome page: ServletContext resource [/index.html]
2022-06-18 17:34:35.910  INFO 29076 --- [restartedMain] o.s.b.d.a.OptionalLiveReloadServer       : LiveReload server is running on port 35729
2022-06-18 17:34:35.917  INFO 29076 --- [restartedMain] o.s.b.w.embedded.tomcat.TomcatWebServer  : Tomcat started on port(s): 8080 (http) with context path ''
2022-06-18 17:34:35.920  INFO 29076 --- [restartedMain] com.ogp.icms.IcmsApplication             : Started IcmsApplication in 0.336 seconds (JVM running for 8718.141)
2022-06-18 17:34:35.920  INFO 29076 --- [restartedMain] .ConditionEvaluationDeltaLoggingListener : Condition evaluation unchanged
2022-06-18 17:35:29.079  INFO 29076 --- [Thread-99] j.LocalContainerEntityManagerFactoryBean : Closing JPA EntityManagerFactory for persistence unit 'default'
2022-06-18 17:35:29.080  INFO 29076 --- [Thread-99] com.zaxxer.hikari.HikariDataSource       : TestHikariPool - Shutdown initiated...
2022-06-18 17:35:29.081  INFO 29076 --- [Thread-99] com.zaxxer.hikari.HikariDataSource       : TestHikariPool - Shutdown completed.
